[02:57:13] [main/INFO] (Launcher) ModLauncher running: args [--launchTarget, forgeclientdev, --version, 21.1.219, --assetIndex, 1.21.1-17, --assetsDir, C:\Users\Pascal\.gradle\caches\fabric-loom\assets, --gameDir, ., --fml.fmlVersion, 4.0.42, --fml.mcVersion, 1.21.1, --fml.neoForgeVersion, 21.1.219, --fml.neoFormVersion, 20240808.144430]
[02:57:13] [main/INFO] (Launcher) JVM identified as Eclipse Adoptium OpenJDK 64-Bit Server VM 21.0.10+7-LTS
[02:57:13] [main/INFO] (Launcher) ModLauncher 11.0.5+main.901c6ea8 starting: java version 21.0.10 by Eclipse Adoptium; OS Windows 11 arch amd64 version 10.0
[02:57:13] [main/INFO] (unprotect) Initializing Unprotect using ModLauncher backend, target: Minecraft and loader classes (minecraft+forge)
[02:57:14] [main/INFO] (ImmediateWindowHandler) Loading ImmediateWindowProvider fmlearlywindow
[02:57:15] [main/INFO] (EARLYDISPLAY) Trying GL version 4.6
[02:57:15] [main/INFO] (EARLYDISPLAY) Requested GL version 4.6 got version 4.6
[02:57:15] [main/INFO] (mixin) SpongePowered MIXIN Subsystem Version=0.8.7 Source=union:/C:/Users/Pascal/.gradle/caches/modules-2/files-2.1/net.fabricmc/sponge-mixin/0.15.2+mixin.0.8.7/2af2f021d8e02a0220dc27a7a72b4666d66d44ca/sponge-mixin-0.15.2+mixin.0.8.7.jar%23126!/ Service=ModLauncher Env=CLIENT
[02:57:16] [main/INFO] (ModDiscoverer) Found mod file "neoforge-21.1.219-minecraft-merged-1.21.1-loom.mappings.1_21_1.layered+hash.729445375-v2-neoforge-21.1.219.jar" [locator: neoforge devenv provider ([C:\Users\Pascal\.gradle\caches\fabric-loom\minecraftMaven\net\minecraft\neoforge-21.1.219-minecraft-merged\1.21.1-loom.mappings.1_21_1.layered+hash.729445375-v2-neoforge-21.1.219\neoforge-21.1.219-minecraft-merged-1.21.1-loom.mappings.1_21_1.layered+hash.729445375-v2-neoforge-21.1.219.jar])]
[02:57:16] [pool-5-thread-1/INFO] (EARLYDISPLAY) GL info: Intel(R) Iris(R) Xe Graphics GL version 4.6.0 - Build 32.0.101.7082, Intel
[02:57:16] [main/INFO] (ModDiscoverer) Found mod file "neoforge-21.1.219-minecraft-merged-1.21.1-loom.mappings.1_21_1.layered+hash.729445375-v2-neoforge-21.1.219.jar" [locator: neoforge devenv provider ([C:\Users\Pascal\.gradle\caches\fabric-loom\minecraftMaven\net\minecraft\neoforge-21.1.219-minecraft-merged\1.21.1-loom.mappings.1_21_1.layered+hash.729445375-v2-neoforge-21.1.219\neoforge-21.1.219-minecraft-merged-1.21.1-loom.mappings.1_21_1.layered+hash.729445375-v2-neoforge-21.1.219.jar])]
[02:57:16] [main/INFO] (ModDiscoverer) Found mod file "main" [locator: userdev mods and services, reader: mod manifest]
[02:57:16] [main/INFO] (ModDiscoverer) Found mod file "neoforge-21.1.219-minecraft-merged-1.21.1-loom.mappings.1_21_1.layered+hash.729445375-v2-neoforge-21.1.219.jar" [locator: userdev mods and services, reader: mod manifest]
[02:57:16] [main/INFO] (ModDiscoverer) Found mod file "architectury-neoforge-f4bc64ea-13.0.8.jar" [locator: userdev mods and services, reader: mod manifest]
[02:57:16] [main/INFO] (ModDiscoverer) Found mod file "3406363782488898035.jar" [locator: userdev mods and services, reader: mod manifest]
[02:57:16] [main/INFO] (ModDiscoverer) Found gamelibrary file "mixinextras-neoforge-0.5.0.jar" [locator: userdev mods and services, reader: mod manifest]
[02:57:17] [main/WARN] (JarSelector) Attempted to select a dependency jar for JarJar which was passed in as source: library:mixinextras.neoforge. Using Mod File: C:\Users\Pascal\.gradle\caches\modules-2\files-2.1\io.github.llamalad7\mixinextras-neoforge\0.5.0\d734b83ce6542bb70ea31755c1595b88992dbe65\mixinextras-neoforge-0.5.0.jar
[02:57:17] [main/INFO] (JarInJarDependencyLocator) Found 1 dependencies adding them to mods collection
[02:57:17] [main/INFO] (ModDiscoverer) Found library file "net.neoforged.neoforge-coremods-21.1.219.jar" [parent: neoforge-21.1.219-minecraft-merged-1.21.1-loom.mappings.1_21_1.layered+hash.729445375-v2-neoforge-21.1.219.jar, locator: jarinjar, reader: mod manifest]
[02:57:17] [main/INFO] (ModDiscoverer) 
     Mod List:
		Name Version (Mod Id)

		Architectury 13.0.8 (architectury)
		Colorful Redstone Lamps 1.0.5 (colorful_redstone_lamps)
		generated_51b108c 1 (generated_51b108c)
		Minecraft 1.21.1 (minecraft)
		NeoForge 21.1.219 (neoforge)
[02:57:19] [main/INFO] (mixin) Compatibility level set to JAVA_21
[02:57:19] [main/INFO] (LaunchServiceHandler) Launching target 'forgeclientdev' with arguments [--version, 21.1.219, --gameDir, ., --assetsDir, C:\Users\Pascal\.gradle\caches\fabric-loom\assets, --assetIndex, 1.21.1-17]
[02:57:19] [main/INFO] (unprotect) Found 8254 Minecraft classes
[02:57:22] [main/INFO] (MixinExtras|Service) Initializing MixinExtras via com.llamalad7.mixinextras.service.MixinExtrasServiceImpl(version=0.5.0).
[24Feb.2026 02:57:27.868] [Datafixer Bootstrap/INFO] [com.mojang.datafixers.DataFixerBuilder/]: 229 Datafixer optimizations took 1012 milliseconds
[24Feb.2026 02:57:36.743] [main/WARN] [net.minecraft.commands.Commands/]: Ambiguity between arguments [teleport, location] and [teleport, destination] with inputs: [0.1 -0.5 .9, 0 0 0]
[24Feb.2026 02:57:36.747] [main/WARN] [net.minecraft.commands.Commands/]: Ambiguity between arguments [teleport, location] and [teleport, targets] with inputs: [0.1 -0.5 .9, 0 0 0]
[24Feb.2026 02:57:36.752] [main/WARN] [net.minecraft.commands.Commands/]: Ambiguity between arguments [teleport, destination] and [teleport, targets] with inputs: [Player, 0123, @e, dd12be42-52a9-4a91-a8a1-11c01849e498]
[24Feb.2026 02:57:36.754] [main/WARN] [net.minecraft.commands.Commands/]: Ambiguity between arguments [teleport, targets] and [teleport, destination] with inputs: [Player, 0123, dd12be42-52a9-4a91-a8a1-11c01849e498]
[24Feb.2026 02:57:36.757] [main/WARN] [net.minecraft.commands.Commands/]: Ambiguity between arguments [teleport, targets, location] and [teleport, targets, destination] with inputs: [0.1 -0.5 .9, 0 0 0]
[24Feb.2026 02:57:37.200] [Render thread/WARN] [net.minecraft.server.packs.VanillaPackResourcesBuilder/]: Assets URL 'union:/C:/Users/Pascal/.gradle/caches/fabric-loom/minecraftMaven/net/minecraft/neoforge-21.1.219-minecraft-merged/1.21.1-loom.mappings.1_21_1.layered+hash.729445375-v2-neoforge-21.1.219/neoforge-21.1.219-minecraft-merged-1.21.1-loom.mappings.1_21_1.layered+hash.729445375-v2-neoforge-21.1.219.jar%23200!/assets/.mcassetsroot' uses unexpected schema
[24Feb.2026 02:57:37.200] [Render thread/WARN] [net.minecraft.server.packs.VanillaPackResourcesBuilder/]: Assets URL 'union:/C:/Users/Pascal/.gradle/caches/fabric-loom/minecraftMaven/net/minecraft/neoforge-21.1.219-minecraft-merged/1.21.1-loom.mappings.1_21_1.layered+hash.729445375-v2-neoforge-21.1.219/neoforge-21.1.219-minecraft-merged-1.21.1-loom.mappings.1_21_1.layered+hash.729445375-v2-neoforge-21.1.219.jar%23200!/data/.mcassetsroot' uses unexpected schema
[24Feb.2026 02:57:37.239] [Render thread/INFO] [com.mojang.authlib.yggdrasil.YggdrasilAuthenticationService/]: Environment: Environment[sessionHost=https://sessionserver.mojang.com, servicesHost=https://api.minecraftservices.com, name=PROD]
[24Feb.2026 02:57:37.252] [Render thread/INFO] [net.minecraft.client.Minecraft/]: Setting user: Dev
[24Feb.2026 02:57:37.437] [Render thread/INFO] [net.minecraft.client.Minecraft/]: Backend library: LWJGL version 3.3.3+5
[24Feb.2026 02:57:38.138] [modloading-worker-0/INFO] [net.neoforged.neoforge.common.NeoForgeMod/NEOFORGE-MOD]: NeoForge mod loading, version 21.1.219, for MC 1.21.1
[24Feb.2026 02:57:39.780] [Render thread/INFO] [net.neoforged.neoforge.gametest.GameTestHooks/]: Enabled Gametest Namespaces: []
[24Feb.2026 02:57:40.065] [Render thread/INFO] [net.minecraft.server.packs.resources.ReloadableResourceManager/]: Reloading ResourceManager: vanilla, mod_resources, mod/architectury, mod/colorful_redstone_lamps, mod/neoforge, mod/generated_51b108c
[24Feb.2026 02:57:40.465] [Worker-Main-4/INFO] [net.minecraft.client.gui.font.providers.UnihexProvider/]: Found unifont_all_no_pua-15.1.05.hex, loading
[24Feb.2026 02:57:40.826] [Worker-Main-3/INFO] [net.minecraft.client.gui.font.providers.UnihexProvider/]: Found unifont_jp_patch-15.1.05.hex, loading
[24Feb.2026 02:57:44.291] [Render thread/WARN] [net.minecraft.client.sounds.SoundEngine/]: Missing sound for event: minecraft:item.goat_horn.play
[24Feb.2026 02:57:44.291] [Render thread/WARN] [net.minecraft.client.sounds.SoundEngine/]: Missing sound for event: minecraft:entity.goat.screaming.horn_break
[24Feb.2026 02:57:44.445] [Render thread/INFO] [com.mojang.blaze3d.audio.Library/]: OpenAL initialized on device OpenAL Soft on System (Elgato Virtual Audio)
[24Feb.2026 02:57:44.446] [Render thread/INFO] [net.minecraft.client.sounds.SoundEngine/SOUNDS]: Sound engine started
[24Feb.2026 02:57:44.610] [Render thread/INFO] [net.minecraft.client.renderer.texture.TextureAtlas/]: Created: 1024x512x4 minecraft:textures/atlas/blocks.png-atlas
[24Feb.2026 02:57:45.456] [Render thread/INFO] [net.minecraft.client.renderer.texture.TextureAtlas/]: Created: 256x256x4 minecraft:textures/atlas/signs.png-atlas
[24Feb.2026 02:57:45.473] [Render thread/INFO] [net.minecraft.client.renderer.texture.TextureAtlas/]: Created: 512x512x4 minecraft:textures/atlas/banner_patterns.png-atlas
[24Feb.2026 02:57:45.497] [Render thread/INFO] [net.minecraft.client.renderer.texture.TextureAtlas/]: Created: 512x512x4 minecraft:textures/atlas/shield_patterns.png-atlas
[24Feb.2026 02:57:45.528] [Render thread/INFO] [net.minecraft.client.renderer.texture.TextureAtlas/]: Created: 1024x1024x4 minecraft:textures/atlas/armor_trims.png-atlas
[24Feb.2026 02:57:45.820] [Render thread/INFO] [net.minecraft.client.renderer.texture.TextureAtlas/]: Created: 128x64x4 minecraft:textures/atlas/decorated_pot.png-atlas
[24Feb.2026 02:57:45.834] [Render thread/INFO] [net.minecraft.client.renderer.texture.TextureAtlas/]: Created: 256x256x4 minecraft:textures/atlas/chest.png-atlas
[24Feb.2026 02:57:45.844] [Render thread/INFO] [net.minecraft.client.renderer.texture.TextureAtlas/]: Created: 512x256x4 minecraft:textures/atlas/shulker_boxes.png-atlas
[24Feb.2026 02:57:45.854] [Render thread/INFO] [net.minecraft.client.renderer.texture.TextureAtlas/]: Created: 512x256x4 minecraft:textures/atlas/beds.png-atlas
[24Feb.2026 02:57:46.144] [Render thread/INFO] [net.minecraft.client.renderer.texture.TextureAtlas/]: Created: 512x256x0 minecraft:textures/atlas/particles.png-atlas
[24Feb.2026 02:57:46.171] [Render thread/INFO] [net.minecraft.client.renderer.texture.TextureAtlas/]: Created: 512x256x0 minecraft:textures/atlas/paintings.png-atlas
[24Feb.2026 02:57:46.177] [Render thread/INFO] [net.minecraft.client.renderer.texture.TextureAtlas/]: Created: 256x128x0 minecraft:textures/atlas/mob_effects.png-atlas
[24Feb.2026 02:57:46.186] [Render thread/INFO] [net.minecraft.client.renderer.texture.TextureAtlas/]: Created: 64x64x0 minecraft:textures/atlas/map_decorations.png-atlas
[24Feb.2026 02:57:46.190] [Render thread/INFO] [net.minecraft.client.renderer.texture.TextureAtlas/]: Created: 1024x512x0 minecraft:textures/atlas/gui.png-atlas
[24Feb.2026 02:57:46.306] [Render thread/WARN] [net.minecraft.client.renderer.ShaderInstance/]: Shader rendertype_entity_translucent_emissive could not find sampler named Sampler2 in the specified shader program.
[24Feb.2026 02:57:46.413] [Render thread/INFO] [net.neoforged.neoforge.client.entity.animation.json.AnimationLoader/]: Loaded 0 entity animations
[24Feb.2026 02:58:41.534] [Render thread/WARN] [net.neoforged.neoforge.common.CommonHooks/WP]: The following mods have version differences that were not resolved:
generated_45d5955 (version 1 -> MISSING)
Things may not work well.
[24Feb.2026 02:58:42.486] [Render thread/INFO] [net.minecraft.world.item.crafting.RecipeManager/]: Loaded 1290 recipes
[24Feb.2026 02:58:42.679] [Render thread/INFO] [net.minecraft.advancements.AdvancementTree/]: Loaded 1399 advancements
[24Feb.2026 02:58:43.201] [Server thread/INFO] [net.minecraft.client.server.IntegratedServer/]: Starting integrated minecraft server version 1.21.1
[24Feb.2026 02:58:43.202] [Server thread/INFO] [net.minecraft.server.MinecraftServer/]: Generating keypair
[24Feb.2026 02:58:45.354] [Server thread/INFO] [net.minecraft.server.MinecraftServer/]: Preparing start region for dimension minecraft:overworld
[24Feb.2026 02:58:45.806] [progressListener/INFO] [net.minecraft.server.level.progress.LoggerChunkProgressListener/]: Einstiegsbereich wird vorbereitet: 0 %
[24Feb.2026 02:58:45.866] [progressListener/INFO] [net.minecraft.server.level.progress.LoggerChunkProgressListener/]: Einstiegsbereich wird vorbereitet: 18 %
[24Feb.2026 02:58:45.980] [progressListener/INFO] [net.minecraft.server.level.progress.LoggerChunkProgressListener/]: Time elapsed: 618 ms
[24Feb.2026 02:58:45.981] [Server thread/INFO] [net.neoforged.neoforge.server.permission.PermissionAPI/]: Successfully initialized permission handler neoforge:default_handler
[24Feb.2026 02:58:46.092] [Server thread/INFO] [net.minecraft.client.server.IntegratedServer/]: Changing view distance to 12, from 10
[24Feb.2026 02:58:46.092] [Server thread/INFO] [net.minecraft.client.server.IntegratedServer/]: Changing simulation distance to 12, from 0
[24Feb.2026 02:58:47.198] [Server thread/INFO] [net.minecraft.server.players.PlayerList/]: Dev[local:E:6e6aca11] logged in with entity id 97 at (5.528871854185957, 77.0, 12.378772982793395)
[24Feb.2026 02:58:47.295] [Server thread/INFO] [net.minecraft.server.MinecraftServer/]: Dev hat das Spiel betreten
[24Feb.2026 02:58:47.477] [Render thread/INFO] [net.minecraft.advancements.AdvancementTree/]: Loaded 2 advancements
[24Feb.2026 02:58:55.163] [Server thread/INFO] [net.minecraft.server.MinecraftServer/]: [Dev: Dein Spielmodus wurde auf Überlebensmodus gesetzt]
[24Feb.2026 02:58:55.175] [Render thread/INFO] [net.minecraft.client.gui.components.ChatComponent/]: [System] [CHAT] Dein Spielmodus wurde auf Überlebensmodus gesetzt
[24Feb.2026 02:59:19.034] [Server thread/INFO] [net.minecraft.client.server.IntegratedServer/]: Saving and pausing game...
[24Feb.2026 02:59:19.055] [Server thread/INFO] [net.minecraft.server.MinecraftServer/]: Saving chunks for level 'ServerLevel[Neue Welt]'/minecraft:overworld
[24Feb.2026 02:59:19.088] [Server thread/INFO] [net.minecraft.server.MinecraftServer/]: Saving chunks for level 'ServerLevel[Neue Welt]'/minecraft:the_end
[24Feb.2026 02:59:19.088] [Server thread/INFO] [net.minecraft.server.MinecraftServer/]: Saving chunks for level 'ServerLevel[Neue Welt]'/minecraft:the_nether
[24Feb.2026 02:59:20.685] [Server thread/INFO] [net.minecraft.client.server.IntegratedServer/]: Saving and pausing game...
[24Feb.2026 02:59:20.694] [Server thread/INFO] [net.minecraft.server.MinecraftServer/]: Saving chunks for level 'ServerLevel[Neue Welt]'/minecraft:overworld
[24Feb.2026 02:59:20.719] [Server thread/INFO] [net.minecraft.server.MinecraftServer/]: Saving chunks for level 'ServerLevel[Neue Welt]'/minecraft:the_end
[24Feb.2026 02:59:20.720] [Server thread/INFO] [net.minecraft.server.MinecraftServer/]: Saving chunks for level 'ServerLevel[Neue Welt]'/minecraft:the_nether
[24Feb.2026 02:59:21.302] [Server thread/INFO] [net.minecraft.server.network.ServerGamePacketListenerImpl/]: Dev lost connection: Verbindung getrennt
[24Feb.2026 02:59:21.302] [Server thread/INFO] [net.minecraft.server.MinecraftServer/]: Dev hat das Spiel verlassen
[24Feb.2026 02:59:21.316] [Server thread/INFO] [net.minecraft.server.network.ServerCommonPacketListenerImpl/]: Stopping singleplayer server as player logged out
[24Feb.2026 02:59:21.391] [Server thread/INFO] [net.minecraft.server.MinecraftServer/]: Stopping server
[24Feb.2026 02:59:21.393] [Server thread/INFO] [net.minecraft.server.MinecraftServer/]: Saving players
[24Feb.2026 02:59:21.393] [Server thread/INFO] [net.minecraft.server.MinecraftServer/]: Saving worlds
[24Feb.2026 02:59:21.986] [Server thread/INFO] [net.minecraft.server.MinecraftServer/]: Saving chunks for level 'ServerLevel[Neue Welt]'/minecraft:overworld
[24Feb.2026 02:59:22.123] [Server thread/INFO] [net.minecraft.server.MinecraftServer/]: Saving chunks for level 'ServerLevel[Neue Welt]'/minecraft:the_end
[24Feb.2026 02:59:22.128] [Server thread/INFO] [net.minecraft.server.MinecraftServer/]: Saving chunks for level 'ServerLevel[Neue Welt]'/minecraft:the_nether
[24Feb.2026 02:59:22.138] [Server thread/INFO] [net.minecraft.server.MinecraftServer/]: ThreadedAnvilChunkStorage (Neue Welt): All chunks are saved
[24Feb.2026 02:59:22.139] [Server thread/INFO] [net.minecraft.server.MinecraftServer/]: ThreadedAnvilChunkStorage (DIM1): All chunks are saved
[24Feb.2026 02:59:22.139] [Server thread/INFO] [net.minecraft.server.MinecraftServer/]: ThreadedAnvilChunkStorage (DIM-1): All chunks are saved
[24Feb.2026 02:59:22.139] [Server thread/INFO] [net.minecraft.server.MinecraftServer/]: ThreadedAnvilChunkStorage: All dimensions are saved
[24Feb.2026 02:59:22.500] [Render thread/INFO] [net.minecraft.client.Minecraft/]: Stopping!
